<?xml version="1.0" encoding="UTF-8"?>
<testsuite xmlns:xsi="http://www.w3.org/2001/XMLSchema-instance" xsi:noNamespaceSchemaLocation="https://maven.apache.org/surefire/maven-surefire-plugin/xsd/surefire-test-report-3.0.xsd" version="3.0" name="at.matthires.jenkins.tests.RequireParamTest" time="0.257" tests="2" errors="0" skipped="0" failures="0">
  <properties>
    <property name="awt.toolkit" value="sun.awt.X11.XToolkit"/>
    <property name="java.specification.version" value="11"/>
    <property name="sun.cpu.isalist" value=""/>
    <property name="sun.jnu.encoding" value="UTF-8"/>
    <property name="java.class.path" value="/home/matthias/Development/src/jenkins/jenkins-pipeline-library/target/test-classes:/home/matthias/Development/src/jenkins/jenkins-pipeline-library/target/classes:/home/matthias/.m2/repository/org/codehaus/groovy/groovy/2.4.21/groovy-2.4.21.jar:/home/matthias/.m2/repository/org/jenkinsci/plugins/pipeline-model-definition/2.2151.ve32c9d209a_3f/pipeline-model-definition-2.2151.ve32c9d209a_3f.jar:/home/matthias/.m2/repository/org/jenkinsci/plugins/pipeline-model-api/2.2151.ve32c9d209a_3f/pipeline-model-api-2.2151.ve32c9d209a_3f.jar:/home/matthias/.m2/repository/org/jenkins-ci/plugins/jackson2-api/2.15.3-366.vfe8d1fa_f8c87/jackson2-api-2.15.3-366.vfe8d1fa_f8c87.jar:/home/matthias/.m2/repository/com/fasterxml/jackson/core/jackson-databind/2.15.3/jackson-databind-2.15.3.jar:/home/matthias/.m2/repository/com/fasterxml/jackson/datatype/jackson-datatype-jsr310/2.15.3/jackson-datatype-jsr310-2.15.3.jar:/home/matthias/.m2/repository/com/fasterxml/jackson/datatype/jackson-datatype-jdk8/2.15.3/jackson-datatype-jdk8-2.15.3.jar:/home/matthias/.m2/repository/com/fasterxml/jackson/datatype/jackson-datatype-json-org/2.15.3/jackson-datatype-json-org-2.15.3.jar:/home/matthias/.m2/repository/org/json/json/20230227/json-20230227.jar:/home/matthias/.m2/repository/com/fasterxml/jackson/module/jackson-module-parameter-names/2.15.3/jackson-module-parameter-names-2.15.3.jar:/home/matthias/.m2/repository/com/fasterxml/jackson/core/jackson-core/2.15.3/jackson-core-2.15.3.jar:/home/matthias/.m2/repository/com/fasterxml/jackson/core/jackson-annotations/2.15.3/jackson-annotations-2.15.3.jar:/home/matthias/.m2/repository/com/fasterxml/jackson/module/jackson-module-jaxb-annotations/2.15.3/jackson-module-jaxb-annotations-2.15.3.jar:/home/matthias/.m2/repository/com/fasterxml/jackson/dataformat/jackson-dataformat-cbor/2.15.3/jackson-dataformat-cbor-2.15.3.jar:/home/matthias/.m2/repository/com/fasterxml/jackson/dataformat/jackson-dataformat-xml/2.15.3/jackson-dataformat-xml-2.15.3.jar:/home/matthias/.m2/repository/org/codehaus/woodstox/stax2-api/4.2.1/stax2-api-4.2.1.jar:/home/matthias/.m2/repository/com/fasterxml/woodstox/woodstox-core/6.5.1/woodstox-core-6.5.1.jar:/home/matthias/.m2/repository/com/fasterxml/jackson/dataformat/jackson-dataformat-yaml/2.15.3/jackson-dataformat-yaml-2.15.3.jar:/home/matthias/.m2/repository/io/jenkins/plugins/javax-activation-api/1.2.0-6/javax-activation-api-1.2.0-6.jar:/home/matthias/.m2/repository/com/sun/activation/javax.activation/1.2.0/javax.activation-1.2.0.jar:/home/matthias/.m2/repository/io/jenkins/plugins/jaxb/2.3.8-1/jaxb-2.3.8-1.jar:/home/matthias/.m2/repository/com/sun/xml/bind/jaxb-impl/2.3.8/jaxb-impl-2.3.8.jar:/home/matthias/.m2/repository/javax/xml/bind/jaxb-api/2.3.1/jaxb-api-2.3.1.jar:/home/matthias/.m2/repository/io/jenkins/plugins/snakeyaml-api/2.2-111.vc6598e30cc65/snakeyaml-api-2.2-111.vc6598e30cc65.jar:/home/matthias/.m2/repository/org/yaml/snakeyaml/2.2/snakeyaml-2.2.jar:/home/matthias/.m2/repository/com/github/java-json-tools/json-schema-validator/2.2.14/json-schema-validator-2.2.14.jar:/home/matthias/.m2/repository/com/github/java-json-tools/jackson-coreutils-equivalence/1.0/jackson-coreutils-equivalence-1.0.jar:/home/matthias/.m2/repository/com/github/java-json-tools/jackson-coreutils/2.0/jackson-coreutils-2.0.jar:/home/matthias/.m2/repository/com/github/java-json-tools/msg-simple/1.2/msg-simple-1.2.jar:/home/matthias/.m2/repository/com/github/java-json-tools/btf/1.3/btf-1.3.jar:/home/matthias/.m2/repository/com/github/java-json-tools/json-schema-core/1.2.14/json-schema-core-1.2.14.jar:/home/matthias/.m2/repository/com/github/java-json-tools/uri-template/0.10/uri-template-0.10.jar:/home/matthias/.m2/repository/org/mozilla/rhino/1.7.7.2/rhino-1.7.7.2.jar:/home/matthias/.m2/repository/com/sun/mail/mailapi/1.6.2/mailapi-1.6.2.jar:/home/matthias/.m2/repository/joda-time/joda-time/2.10.5/joda-time-2.10.5.jar:/home/matthias/.m2/repository/com/googlecode/libphonenumber/libphonenumber/8.11.1/libphonenumber-8.11.1.jar:/home/matthias/.m2/repository/net/sf/jopt-simple/jopt-simple/5.0.4/jopt-simple-5.0.4.jar:/home/matthias/.m2/repository/org/jenkins-ci/plugins/workflow/workflow-step-api/639.v6eca_cd8c04a_a_/workflow-step-api-639.v6eca_cd8c04a_a_.jar:/home/matthias/.m2/repository/org/jenkinsci/plugins/pipeline-stage-tags-metadata/2.2151.ve32c9d209a_3f/pipeline-stage-tags-metadata-2.2151.ve32c9d209a_3f.jar:/home/matthias/.m2/repository/org/jenkins-ci/plugins/structs/325.vcb_307d2a_2782/structs-325.vcb_307d2a_2782.jar:/home/matthias/.m2/repository/org/jenkins-ci/plugins/workflow/workflow-cps/3806.va_3a_6988277b_2/workflow-cps-3806.va_3a_6988277b_2.jar:/home/matthias/.m2/repository/io/jenkins/plugins/ionicons-api/56.v1b_1c8c49374e/ionicons-api-56.v1b_1c8c49374e.jar:/home/matthias/.m2/repository/org/jenkins-ci/plugins/script-security/1273.v66c1964f0dfd/script-security-1273.v66c1964f0dfd.jar:/home/matthias/.m2/repository/org/kohsuke/groovy-sandbox/1.33/groovy-sandbox-1.33.jar:/home/matthias/.m2/repository/com/cloudbees/diff4j/1.3/diff4j-1.3.jar:/home/matthias/.m2/repository/org/jenkins-ci/plugins/workflow/workflow-api/1283.v99c10937efcb_/workflow-api-1283.v99c10937efcb_.jar:/home/matthias/.m2/repository/org/jenkins-ci/plugins/workflow/workflow-multibranch/756.v891d88f2cd46/workflow-multibranch-756.v891d88f2cd46.jar:/home/matthias/.m2/repository/org/jenkins-ci/plugins/branch-api/2.1105.v472604208c55/branch-api-2.1105.v472604208c55.jar:/home/matthias/.m2/repository/org/jenkins-ci/plugins/cloudbees-folder/6.815.v0dd5a_cb_40e0e/cloudbees-folder-6.815.v0dd5a_cb_40e0e.jar:/home/matthias/.m2/repository/org/jenkins-ci/plugins/workflow/workflow-scm-step/415.v434365564324/workflow-scm-step-415.v434365564324.jar:/home/matthias/.m2/repository/org/jenkins-ci/plugins/workflow/workflow-basic-steps/1042.ve7b_140c4a_e0c/workflow-basic-steps-1042.ve7b_140c4a_e0c.jar:/home/matthias/.m2/repository/org/jenkins-ci/plugins/apache-httpcomponents-client-4-api/4.5.14-150.v7a_b_9d17134a_5/apache-httpcomponents-client-4-api-4.5.14-150.v7a_b_9d17134a_5.jar:/home/matthias/.m2/repository/org/apache/httpcomponents/httpcore/4.4.16/httpcore-4.4.16.jar:/home/matthias/.m2/repository/org/apache/httpcomponents/httpcore-nio/4.4.16/httpcore-nio-4.4.16.jar:/home/matthias/.m2/repository/org/apache/httpcomponents/httpclient/4.5.14/httpclient-4.5.14.jar:/home/matthias/.m2/repository/org/apache/httpcomponents/httpmime/4.5.14/httpmime-4.5.14.jar:/home/matthias/.m2/repository/org/apache/httpcomponents/fluent-hc/4.5.14/fluent-hc-4.5.14.jar:/home/matthias/.m2/repository/org/apache/httpcomponents/httpclient-cache/4.5.14/httpclient-cache-4.5.14.jar:/home/matthias/.m2/repository/org/apache/httpcomponents/httpasyncclient/4.1.5/httpasyncclient-4.1.5.jar:/home/matthias/.m2/repository/org/apache/httpcomponents/httpasyncclient-cache/4.1.5/httpasyncclient-cache-4.1.5.jar:/home/matthias/.m2/repository/io/jenkins/plugins/jakarta-mail-api/2.0.1-3/jakarta-mail-api-2.0.1-3.jar:/home/matthias/.m2/repository/com/sun/mail/jakarta.mail/2.0.1/jakarta.mail-2.0.1.jar:/home/matthias/.m2/repository/io/jenkins/plugins/jakarta-activation-api/2.0.1-3/jakarta-activation-api-2.0.1-3.jar:/home/matthias/.m2/repository/com/sun/activation/jakarta.activation/2.0.1/jakarta.activation-2.0.1.jar:/home/matthias/.m2/repository/org/jenkins-ci/plugins/workflow/workflow-durable-task-step/1289.v4d3e7b_01546b_/workflow-durable-task-step-1289.v4d3e7b_01546b_.jar:/home/matthias/.m2/repository/org/jenkins-ci/plugins/durable-task/513.vc48a_a_075a_d93/durable-task-513.vc48a_a_075a_d93.jar:/home/matthias/.m2/repository/io/jenkins/plugins/lib-durable-task/40.vc66cf8fb_4613/lib-durable-task-40.vc66cf8fb_4613.jar:/home/matthias/.m2/repository/org/jenkins-ci/plugins/pipeline-stage-step/305.ve96d0205c1c6/pipeline-stage-step-305.ve96d0205c1c6.jar:/home/matthias/.m2/repository/org/jenkins-ci/plugins/credentials-binding/642.v737c34dea_6c2/credentials-binding-642.v737c34dea_6c2.jar:/home/matthias/.m2/repository/org/jenkins-ci/plugins/plain-credentials/143.v1b_df8b_d3b_e48/plain-credentials-143.v1b_df8b_d3b_e48.jar:/home/matthias/.m2/repository/org/jenkins-ci/plugins/ssh-credentials/305.v8f4381501156/ssh-credentials-305.v8f4381501156.jar:/home/matthias/.m2/repository/org/jenkins-ci/plugins/workflow/workflow-support/865.v43e78cc44e0d/workflow-support-865.v43e78cc44e0d.jar:/home/matthias/.m2/repository/io/jenkins/plugins/caffeine-api/3.1.6-115.vb_8b_b_328e59d8/caffeine-api-3.1.6-115.vb_8b_b_328e59d8.jar:/home/matthias/.m2/repository/com/github/ben-manes/caffeine/caffeine/3.1.6/caffeine-3.1.6.jar:/home/matthias/.m2/repository/org/jboss/marshalling/jboss-marshalling-river/2.1.2.Final/jboss-marshalling-river-2.1.2.Final.jar:/home/matthias/.m2/repository/org/jboss/marshalling/jboss-marshalling/2.1.2.Final/jboss-marshalling-2.1.2.Final.jar:/home/matthias/.m2/repository/org/jenkins-ci/plugins/scm-api/676.v886669a_199a_a_/scm-api-676.v886669a_199a_a_.jar:/home/matthias/.m2/repository/io/jenkins/plugins/pipeline-groovy-lib/689.veec561a_dee13/pipeline-groovy-lib-689.veec561a_dee13.jar:/home/matthias/.m2/repository/org/jenkins-ci/plugins/variant/59.vf075fe829ccb/variant-59.vf075fe829ccb.jar:/home/matthias/.m2/repository/org/jenkins-ci/plugins/mailer/463.vedf8358e006b_/mailer-463.vedf8358e006b_.jar:/home/matthias/.m2/repository/org/jenkins-ci/plugins/display-url-api/2.3.7/display-url-api-2.3.7.jar:/home/matthias/.m2/repository/org/jenkins-ci/modules/instance-identity/142.v04572ca_5b_265/instance-identity-142.v04572ca_5b_265.jar:/home/matthias/.m2/repository/org/jenkins-ci/plugins/bouncycastle-api/2.26/bouncycastle-api-2.26.jar:/home/matthias/.m2/repository/org/bouncycastle/bcpkix-jdk15on/1.70/bcpkix-jdk15on-1.70.jar:/home/matthias/.m2/repository/org/bouncycastle/bcprov-jdk15on/1.70/bcprov-jdk15on-1.70.jar:/home/matthias/.m2/repository/org/bouncycastle/bcutil-jdk15on/1.70/bcutil-jdk15on-1.70.jar:/home/matthias/.m2/repository/org/jenkins-ci/plugins/git-client/4.5.0/git-client-4.5.0.jar:/home/matthias/.m2/repository/io/jenkins/plugins/mina-sshd-api/mina-sshd-api-common/2.10.0-69.v28e3e36d18eb_/mina-sshd-api-common-2.10.0-69.v28e3e36d18eb_.jar:/home/matthias/.m2/repository/org/apache/sshd/sshd-common/2.10.0/sshd-common-2.10.0.jar:/home/matthias/.m2/repository/io/jenkins/plugins/mina-sshd-api/mina-sshd-api-core/2.10.0-69.v28e3e36d18eb_/mina-sshd-api-core-2.10.0-69.v28e3e36d18eb_.jar:/home/matthias/.m2/repository/org/apache/sshd/sshd-core/2.10.0/sshd-core-2.10.0.jar:/home/matthias/.m2/repository/org/eclipse/jgit/org.eclipse.jgit/6.7.0.202309050840-r/org.eclipse.jgit-6.7.0.202309050840-r.jar:/home/matthias/.m2/repository/com/googlecode/javaewah/JavaEWAH/1.2.3/JavaEWAH-1.2.3.jar:/home/matthias/.m2/repository/org/eclipse/jgit/org.eclipse.jgit.http.apache/6.7.0.202309050840-r/org.eclipse.jgit.http.apache-6.7.0.202309050840-r.jar:/home/matthias/.m2/repository/org/eclipse/jgit/org.eclipse.jgit.http.server/6.7.0.202309050840-r/org.eclipse.jgit.http.server-6.7.0.202309050840-r.jar:/home/matthias/.m2/repository/org/eclipse/jgit/org.eclipse.jgit.lfs/6.7.0.202309050840-r/org.eclipse.jgit.lfs-6.7.0.202309050840-r.jar:/home/matthias/.m2/repository/org/eclipse/jgit/org.eclipse.jgit.ssh.apache/6.7.0.202309050840-r/org.eclipse.jgit.ssh.apache-6.7.0.202309050840-r.jar:/home/matthias/.m2/repository/org/jenkins-ci/plugins/trilead-api/2.84.v72119de229b_7/trilead-api-2.84.v72119de229b_7.jar:/home/matthias/.m2/repository/org/jenkins-ci/trilead-ssh2/build-217-jenkins-247.v708a_8b_14f4b_a/trilead-ssh2-build-217-jenkins-247.v708a_8b_14f4b_a.jar:/home/matthias/.m2/repository/net/i2p/crypto/eddsa/0.3.0/eddsa-0.3.0.jar:/home/matthias/.m2/repository/org/connectbot/jbcrypt/jbcrypt/1.0.0/jbcrypt-1.0.0.jar:/home/matthias/.m2/repository/com/google/crypto/tink/tink/1.7.0/tink-1.7.0.jar:/home/matthias/.m2/repository/org/kohsuke/trilead-putty-extension/1.2/trilead-putty-extension-1.2.jar:/home/matthias/.m2/repository/org/jenkins-ci/plugins/credentials/1307.v3757c78f17c3/credentials-1307.v3757c78f17c3.jar:/home/matthias/.m2/repository/org/jenkins-ci/plugins/pipeline-input-step/477.v339683a_8d55e/pipeline-input-step-477.v339683a_8d55e.jar:/home/matthias/.m2/repository/org/jenkinsci/plugins/pipeline-model-extensions/2.2151.ve32c9d209a_3f/pipeline-model-extensions-2.2151.ve32c9d209a_3f.jar:/home/matthias/.m2/repository/org/jenkins-ci/plugins/workflow/workflow-job/1360.vc6700e3136f5/workflow-job-1360.vc6700e3136f5.jar:/home/matthias/.m2/repository/org/jenkins-ci/main/jenkins-core/2.432/jenkins-core-2.432.jar:/home/matthias/.m2/repository/org/jenkins-ci/main/cli/2.432/cli-2.432.jar:/home/matthias/.m2/repository/org/jenkins-ci/main/remoting/3192.v713e3b_039fb_e/remoting-3192.v713e3b_039fb_e.jar:/home/matthias/.m2/repository/args4j/args4j/2.33/args4j-2.33.jar:/home/matthias/.m2/repository/com/github/spotbugs/spotbugs-annotations/4.8.0/spotbugs-annotations-4.8.0.jar:/home/matthias/.m2/repository/com/google/guava/guava/32.1.3-jre/guava-32.1.3-jre.jar:/home/matthias/.m2/repository/com/google/guava/failureaccess/1.0.1/failureaccess-1.0.1.jar:/home/matthias/.m2/repository/com/google/guava/listenablefuture/9999.0-empty-to-avoid-conflict-with-guava/listenablefuture-9999.0-empty-to-avoid-conflict-with-guava.jar:/home/matthias/.m2/repository/com/google/code/findbugs/jsr305/3.0.2/jsr305-3.0.2.jar:/home/matthias/.m2/repository/com/google/inject/guice/6.0.0/guice-6.0.0.jar:/home/matthias/.m2/repository/javax/inject/javax.inject/1/javax.inject-1.jar:/home/matthias/.m2/repository/jakarta/inject/jakarta.inject-api/2.0.1/jakarta.inject-api-2.0.1.jar:/home/matthias/.m2/repository/com/infradna/tool/bridge-method-annotation/1.29/bridge-method-annotation-1.29.jar:/home/matthias/.m2/repository/com/jcraft/jzlib/1.1.3-kohsuke-1/jzlib-1.1.3-kohsuke-1.jar:/home/matthias/.m2/repository/com/sun/solaris/embedded_su4j/1.1/embedded_su4j-1.1.jar:/home/matthias/.m2/repository/com/sun/xml/txw2/txw2/20110809/txw2-20110809.jar:/home/matthias/.m2/repository/relaxngDatatype/relaxngDatatype/20020414/relaxngDatatype-20020414.jar:/home/matthias/.m2/repository/com/thoughtworks/xstream/xstream/1.4.20/xstream-1.4.20.jar:/home/matthias/.m2/repository/io/github/x-stream/mxparser/1.2.2/mxparser-1.2.2.jar:/home/matthias/.m2/repository/commons-beanutils/commons-beanutils/1.9.4/commons-beanutils-1.9.4.jar:/home/matthias/.m2/repository/commons-logging/commons-logging/1.2/commons-logging-1.2.jar:/home/matthias/.m2/repository/commons-codec/commons-codec/1.16.0/commons-codec-1.16.0.jar:/home/matthias/.m2/repository/commons-collections/commons-collections/3.2.2/commons-collections-3.2.2.jar:/home/matthias/.m2/repository/commons-fileupload/commons-fileupload/1.5/commons-fileupload-1.5.jar:/home/matthias/.m2/repository/commons-io/commons-io/2.15.0/commons-io-2.15.0.jar:/home/matthias/.m2/repository/commons-jelly/commons-jelly-tags-fmt/1.0/commons-jelly-tags-fmt-1.0.jar:/home/matthias/.m2/repository/commons-jelly/commons-jelly-tags-xml/1.1/commons-jelly-tags-xml-1.1.jar:/home/matthias/.m2/repository/commons-lang/commons-lang/2.6/commons-lang-2.6.jar:/home/matthias/.m2/repository/io/jenkins/stapler/jenkins-stapler-support/1.1/jenkins-stapler-support-1.1.jar:/home/matthias/.m2/repository/jakarta/servlet/jsp/jstl/jakarta.servlet.jsp.jstl-api/1.2.7/jakarta.servlet.jsp.jstl-api-1.2.7.jar:/home/matthias/.m2/repository/jaxen/jaxen/2.0.0/jaxen-2.0.0.jar:/home/matthias/.m2/repository/jline/jline/2.14.6/jline-2.14.6.jar:/home/matthias/.m2/repository/net/java/dev/jna/jna/5.13.0/jna-5.13.0.jar:/home/matthias/.m2/repository/net/java/sezpoz/sezpoz/1.13/sezpoz-1.13.jar:/home/matthias/.m2/repository/net/jcip/jcip-annotations/1.0/jcip-annotations-1.0.jar:/home/matthias/.m2/repository/org/antlr/antlr4-runtime/4.13.1/antlr4-runtime-4.13.1.jar:/home/matthias/.m2/repository/org/apache/ant/ant/1.10.14/ant-1.10.14.jar:/home/matthias/.m2/repository/org/apache/ant/ant-launcher/1.10.14/ant-launcher-1.10.14.jar:/home/matthias/.m2/repository/org/apache/commons/commons-compress/1.24.0/commons-compress-1.24.0.jar:/home/matthias/.m2/repository/org/codehaus/groovy/groovy-all/2.4.21/groovy-all-2.4.21.jar:/home/matthias/.m2/repository/org/fusesource/jansi/jansi/1.11/jansi-1.11.jar:/home/matthias/.m2/repository/org/jenkins-ci/annotation-indexer/1.17/annotation-indexer-1.17.jar:/home/matthias/.m2/repository/org/jenkins-ci/commons-jexl/1.1-jenkins-20111212/commons-jexl-1.1-jenkins-20111212.jar:/home/matthias/.m2/repository/org/jenkins-ci/crypto-util/1.9/crypto-util-1.9.jar:/home/matthias/.m2/repository/org/jenkins-ci/memory-monitor/1.12/memory-monitor-1.12.jar:/home/matthias/.m2/repository/org/jenkins-ci/symbol-annotation/1.24/symbol-annotation-1.24.jar:/home/matthias/.m2/repository/org/jenkins-ci/task-reactor/1.8/task-reactor-1.8.jar:/home/matthias/.m2/repository/org/jenkins-ci/main/websocket-spi/2.432/websocket-spi-2.432.jar:/home/matthias/.m2/repository/org/jfree/jfreechart/1.0.19/jfreechart-1.0.19.jar:/home/matthias/.m2/repository/org/jfree/jcommon/1.0.23/jcommon-1.0.23.jar:/home/matthias/.m2/repository/org/jvnet/hudson/commons-jelly-tags-define/1.1-jenkins-20230713/commons-jelly-tags-define-1.1-jenkins-20230713.jar:/home/matthias/.m2/repository/org/jvnet/localizer/localizer/1.31/localizer-1.31.jar:/home/matthias/.m2/repository/org/jvnet/robust-http-client/robust-http-client/1.2/robust-http-client-1.2.jar:/home/matthias/.m2/repository/org/jvnet/winp/winp/1.30/winp-1.30.jar:/home/matthias/.m2/repository/org/kohsuke/access-modifier-annotation/1.33/access-modifier-annotation-1.33.jar:/home/matthias/.m2/repository/org/kohsuke/windows-package-checker/1.2/windows-package-checker-1.2.jar:/home/matthias/.m2/repository/org/kohsuke/jinterop/j-interop/2.0.8-kohsuke-1/j-interop-2.0.8-kohsuke-1.jar:/home/matthias/.m2/repository/org/kohsuke/jinterop/j-interopdeps/2.0.8-kohsuke-1/j-interopdeps-2.0.8-kohsuke-1.jar:/home/matthias/.m2/repository/org/samba/jcifs/jcifs/1.2.19/jcifs-1.2.19.jar:/home/matthias/.m2/repository/org/kohsuke/stapler/json-lib/2.4-jenkins-3/json-lib-2.4-jenkins-3.jar:/home/matthias/.m2/repository/net/sf/ezmorph/ezmorph/1.0.6/ezmorph-1.0.6.jar:/home/matthias/.m2/repository/org/kohsuke/stapler/stapler/1822.v120278426e1c/stapler-1822.v120278426e1c.jar:/home/matthias/.m2/repository/commons-discovery/commons-discovery/0.5/commons-discovery-0.5.jar:/home/matthias/.m2/repository/jakarta/annotation/jakarta.annotation-api/2.1.1/jakarta.annotation-api-2.1.1.jar:/home/matthias/.m2/repository/javax/annotation/javax.annotation-api/1.3.2/javax.annotation-api-1.3.2.jar:/home/matthias/.m2/repository/org/jvnet/tiger-types/2.2/tiger-types-2.2.jar:/home/matthias/.m2/repository/org/kohsuke/stapler/stapler-adjunct-codemirror/1.3/stapler-adjunct-codemirror-1.3.jar:/home/matthias/.m2/repository/org/kohsuke/stapler/stapler-groovy/1822.v120278426e1c/stapler-groovy-1822.v120278426e1c.jar:/home/matthias/.m2/repository/org/kohsuke/stapler/stapler-jelly/1822.v120278426e1c/stapler-jelly-1822.v120278426e1c.jar:/home/matthias/.m2/repository/org/dom4j/dom4j/2.1.4/dom4j-2.1.4.jar:/home/matthias/.m2/repository/org/jenkins-ci/commons-jelly/1.1-jenkins-20230713/commons-jelly-1.1-jenkins-20230713.jar:/home/matthias/.m2/repository/org/ow2/asm/asm/9.6/asm-9.6.jar:/home/matthias/.m2/repository/org/ow2/asm/asm-analysis/9.6/asm-analysis-9.6.jar:/home/matthias/.m2/repository/org/ow2/asm/asm-commons/9.6/asm-commons-9.6.jar:/home/matthias/.m2/repository/org/ow2/asm/asm-tree/9.6/asm-tree-9.6.jar:/home/matthias/.m2/repository/org/ow2/asm/asm-util/9.6/asm-util-9.6.jar:/home/matthias/.m2/repository/org/slf4j/jcl-over-slf4j/2.0.9/jcl-over-slf4j-2.0.9.jar:/home/matthias/.m2/repository/org/slf4j/slf4j-api/2.0.9/slf4j-api-2.0.9.jar:/home/matthias/.m2/repository/org/slf4j/log4j-over-slf4j/2.0.9/log4j-over-slf4j-2.0.9.jar:/home/matthias/.m2/repository/org/springframework/security/spring-security-web/5.8.8/spring-security-web-5.8.8.jar:/home/matthias/.m2/repository/org/springframework/security/spring-security-core/5.8.8/spring-security-core-5.8.8.jar:/home/matthias/.m2/repository/org/springframework/security/spring-security-crypto/5.8.8/spring-security-crypto-5.8.8.jar:/home/matthias/.m2/repository/org/springframework/spring-core/5.3.30/spring-core-5.3.30.jar:/home/matthias/.m2/repository/org/springframework/spring-aop/5.3.30/spring-aop-5.3.30.jar:/home/matthias/.m2/repository/org/springframework/spring-beans/5.3.30/spring-beans-5.3.30.jar:/home/matthias/.m2/repository/org/springframework/spring-context/5.3.30/spring-context-5.3.30.jar:/home/matthias/.m2/repository/org/springframework/spring-expression/5.3.30/spring-expression-5.3.30.jar:/home/matthias/.m2/repository/org/springframework/spring-web/5.3.30/spring-web-5.3.30.jar:/home/matthias/.m2/repository/xpp3/xpp3/1.1.4c/xpp3-1.1.4c.jar:/home/matthias/.m2/repository/com/cloudbees/groovy-cps/3806.va_3a_6988277b_2/groovy-cps-3806.va_3a_6988277b_2.jar:/home/matthias/.m2/repository/org/jenkins-ci/version-number/1.11/version-number-1.11.jar:/home/matthias/.m2/repository/com/lesfurets/jenkins-pipeline-unit/1.19/jenkins-pipeline-unit-1.19.jar:/home/matthias/.m2/repository/org/apache/ivy/ivy/2.5.1/ivy-2.5.1.jar:/home/matthias/.m2/repository/org/apache/commons/commons-lang3/3.13.0/commons-lang3-3.13.0.jar:/home/matthias/.m2/repository/org/junit/jupiter/junit-jupiter/5.10.1/junit-jupiter-5.10.1.jar:/home/matthias/.m2/repository/org/junit/jupiter/junit-jupiter-api/5.10.1/junit-jupiter-api-5.10.1.jar:/home/matthias/.m2/repository/org/opentest4j/opentest4j/1.3.0/opentest4j-1.3.0.jar:/home/matthias/.m2/repository/org/junit/platform/junit-platform-commons/1.10.1/junit-platform-commons-1.10.1.jar:/home/matthias/.m2/repository/org/apiguardian/apiguardian-api/1.1.2/apiguardian-api-1.1.2.jar:/home/matthias/.m2/repository/org/junit/jupiter/junit-jupiter-params/5.10.1/junit-jupiter-params-5.10.1.jar:/home/matthias/.m2/repository/org/junit/jupiter/junit-jupiter-engine/5.10.1/junit-jupiter-engine-5.10.1.jar:/home/matthias/.m2/repository/org/junit/platform/junit-platform-engine/1.10.1/junit-platform-engine-1.10.1.jar:/home/matthias/.m2/repository/org/assertj/assertj-core/3.24.2/assertj-core-3.24.2.jar:/home/matthias/.m2/repository/net/bytebuddy/byte-buddy/1.12.21/byte-buddy-1.12.21.jar:/home/matthias/.m2/repository/org/mockito/mockito-core/5.8.0/mockito-core-5.8.0.jar:/home/matthias/.m2/repository/net/bytebuddy/byte-buddy-agent/1.14.10/byte-buddy-agent-1.14.10.jar:/home/matthias/.m2/repository/org/objenesis/objenesis/3.3/objenesis-3.3.jar:"/>
    <property name="java.vm.vendor" value="Oracle Corporation"/>
    <property name="sun.arch.data.model" value="64"/>
    <property name="java.vendor.url" value="https://openjdk.java.net/"/>
    <property name="user.timezone" value="Europe/Vienna"/>
    <property name="java.vm.specification.version" value="11"/>
    <property name="os.name" value="Linux"/>
    <property name="sun.java.launcher" value="SUN_STANDARD"/>
    <property name="user.country" value="US"/>
    <property name="sun.boot.library.path" value="/usr/lib/jvm/java-11-openjdk/lib"/>
    <property name="sun.java.command" value="/home/matthias/Development/src/jenkins/jenkins-pipeline-library/target/surefire/surefirebooter-20231220130733488_3.jar /home/matthias/Development/src/jenkins/jenkins-pipeline-library/target/surefire 2023-12-20T13-07-33_373-jvmRun1 surefire-20231220130733488_1tmp surefire_0-20231220130733488_2tmp"/>
    <property name="jdk.debug" value="release"/>
    <property name="surefire.test.class.path" value="/home/matthias/Development/src/jenkins/jenkins-pipeline-library/target/test-classes:/home/matthias/Development/src/jenkins/jenkins-pipeline-library/target/classes:/home/matthias/.m2/repository/org/codehaus/groovy/groovy/2.4.21/groovy-2.4.21.jar:/home/matthias/.m2/repository/org/jenkinsci/plugins/pipeline-model-definition/2.2151.ve32c9d209a_3f/pipeline-model-definition-2.2151.ve32c9d209a_3f.jar:/home/matthias/.m2/repository/org/jenkinsci/plugins/pipeline-model-api/2.2151.ve32c9d209a_3f/pipeline-model-api-2.2151.ve32c9d209a_3f.jar:/home/matthias/.m2/repository/org/jenkins-ci/plugins/jackson2-api/2.15.3-366.vfe8d1fa_f8c87/jackson2-api-2.15.3-366.vfe8d1fa_f8c87.jar:/home/matthias/.m2/repository/com/fasterxml/jackson/core/jackson-databind/2.15.3/jackson-databind-2.15.3.jar:/home/matthias/.m2/repository/com/fasterxml/jackson/datatype/jackson-datatype-jsr310/2.15.3/jackson-datatype-jsr310-2.15.3.jar:/home/matthias/.m2/repository/com/fasterxml/jackson/datatype/jackson-datatype-jdk8/2.15.3/jackson-datatype-jdk8-2.15.3.jar:/home/matthias/.m2/repository/com/fasterxml/jackson/datatype/jackson-datatype-json-org/2.15.3/jackson-datatype-json-org-2.15.3.jar:/home/matthias/.m2/repository/org/json/json/20230227/json-20230227.jar:/home/matthias/.m2/repository/com/fasterxml/jackson/module/jackson-module-parameter-names/2.15.3/jackson-module-parameter-names-2.15.3.jar:/home/matthias/.m2/repository/com/fasterxml/jackson/core/jackson-core/2.15.3/jackson-core-2.15.3.jar:/home/matthias/.m2/repository/com/fasterxml/jackson/core/jackson-annotations/2.15.3/jackson-annotations-2.15.3.jar:/home/matthias/.m2/repository/com/fasterxml/jackson/module/jackson-module-jaxb-annotations/2.15.3/jackson-module-jaxb-annotations-2.15.3.jar:/home/matthias/.m2/repository/com/fasterxml/jackson/dataformat/jackson-dataformat-cbor/2.15.3/jackson-dataformat-cbor-2.15.3.jar:/home/matthias/.m2/repository/com/fasterxml/jackson/dataformat/jackson-dataformat-xml/2.15.3/jackson-dataformat-xml-2.15.3.jar:/home/matthias/.m2/repository/org/codehaus/woodstox/stax2-api/4.2.1/stax2-api-4.2.1.jar:/home/matthias/.m2/repository/com/fasterxml/woodstox/woodstox-core/6.5.1/woodstox-core-6.5.1.jar:/home/matthias/.m2/repository/com/fasterxml/jackson/dataformat/jackson-dataformat-yaml/2.15.3/jackson-dataformat-yaml-2.15.3.jar:/home/matthias/.m2/repository/io/jenkins/plugins/javax-activation-api/1.2.0-6/javax-activation-api-1.2.0-6.jar:/home/matthias/.m2/repository/com/sun/activation/javax.activation/1.2.0/javax.activation-1.2.0.jar:/home/matthias/.m2/repository/io/jenkins/plugins/jaxb/2.3.8-1/jaxb-2.3.8-1.jar:/home/matthias/.m2/repository/com/sun/xml/bind/jaxb-impl/2.3.8/jaxb-impl-2.3.8.jar:/home/matthias/.m2/repository/javax/xml/bind/jaxb-api/2.3.1/jaxb-api-2.3.1.jar:/home/matthias/.m2/repository/io/jenkins/plugins/snakeyaml-api/2.2-111.vc6598e30cc65/snakeyaml-api-2.2-111.vc6598e30cc65.jar:/home/matthias/.m2/repository/org/yaml/snakeyaml/2.2/snakeyaml-2.2.jar:/home/matthias/.m2/repository/com/github/java-json-tools/json-schema-validator/2.2.14/json-schema-validator-2.2.14.jar:/home/matthias/.m2/repository/com/github/java-json-tools/jackson-coreutils-equivalence/1.0/jackson-coreutils-equivalence-1.0.jar:/home/matthias/.m2/repository/com/github/java-json-tools/jackson-coreutils/2.0/jackson-coreutils-2.0.jar:/home/matthias/.m2/repository/com/github/java-json-tools/msg-simple/1.2/msg-simple-1.2.jar:/home/matthias/.m2/repository/com/github/java-json-tools/btf/1.3/btf-1.3.jar:/home/matthias/.m2/repository/com/github/java-json-tools/json-schema-core/1.2.14/json-schema-core-1.2.14.jar:/home/matthias/.m2/repository/com/github/java-json-tools/uri-template/0.10/uri-template-0.10.jar:/home/matthias/.m2/repository/org/mozilla/rhino/1.7.7.2/rhino-1.7.7.2.jar:/home/matthias/.m2/repository/com/sun/mail/mailapi/1.6.2/mailapi-1.6.2.jar:/home/matthias/.m2/repository/joda-time/joda-time/2.10.5/joda-time-2.10.5.jar:/home/matthias/.m2/repository/com/googlecode/libphonenumber/libphonenumber/8.11.1/libphonenumber-8.11.1.jar:/home/matthias/.m2/repository/net/sf/jopt-simple/jopt-simple/5.0.4/jopt-simple-5.0.4.jar:/home/matthias/.m2/repository/org/jenkins-ci/plugins/workflow/workflow-step-api/639.v6eca_cd8c04a_a_/workflow-step-api-639.v6eca_cd8c04a_a_.jar:/home/matthias/.m2/repository/org/jenkinsci/plugins/pipeline-stage-tags-metadata/2.2151.ve32c9d209a_3f/pipeline-stage-tags-metadata-2.2151.ve32c9d209a_3f.jar:/home/matthias/.m2/repository/org/jenkins-ci/plugins/structs/325.vcb_307d2a_2782/structs-325.vcb_307d2a_2782.jar:/home/matthias/.m2/repository/org/jenkins-ci/plugins/workflow/workflow-cps/3806.va_3a_6988277b_2/workflow-cps-3806.va_3a_6988277b_2.jar:/home/matthias/.m2/repository/io/jenkins/plugins/ionicons-api/56.v1b_1c8c49374e/ionicons-api-56.v1b_1c8c49374e.jar:/home/matthias/.m2/repository/org/jenkins-ci/plugins/script-security/1273.v66c1964f0dfd/script-security-1273.v66c1964f0dfd.jar:/home/matthias/.m2/repository/org/kohsuke/groovy-sandbox/1.33/groovy-sandbox-1.33.jar:/home/matthias/.m2/repository/com/cloudbees/diff4j/1.3/diff4j-1.3.jar:/home/matthias/.m2/repository/org/jenkins-ci/plugins/workflow/workflow-api/1283.v99c10937efcb_/workflow-api-1283.v99c10937efcb_.jar:/home/matthias/.m2/repository/org/jenkins-ci/plugins/workflow/workflow-multibranch/756.v891d88f2cd46/workflow-multibranch-756.v891d88f2cd46.jar:/home/matthias/.m2/repository/org/jenkins-ci/plugins/branch-api/2.1105.v472604208c55/branch-api-2.1105.v472604208c55.jar:/home/matthias/.m2/repository/org/jenkins-ci/plugins/cloudbees-folder/6.815.v0dd5a_cb_40e0e/cloudbees-folder-6.815.v0dd5a_cb_40e0e.jar:/home/matthias/.m2/repository/org/jenkins-ci/plugins/workflow/workflow-scm-step/415.v434365564324/workflow-scm-step-415.v434365564324.jar:/home/matthias/.m2/repository/org/jenkins-ci/plugins/workflow/workflow-basic-steps/1042.ve7b_140c4a_e0c/workflow-basic-steps-1042.ve7b_140c4a_e0c.jar:/home/matthias/.m2/repository/org/jenkins-ci/plugins/apache-httpcomponents-client-4-api/4.5.14-150.v7a_b_9d17134a_5/apache-httpcomponents-client-4-api-4.5.14-150.v7a_b_9d17134a_5.jar:/home/matthias/.m2/repository/org/apache/httpcomponents/httpcore/4.4.16/httpcore-4.4.16.jar:/home/matthias/.m2/repository/org/apache/httpcomponents/httpcore-nio/4.4.16/httpcore-nio-4.4.16.jar:/home/matthias/.m2/repository/org/apache/httpcomponents/httpclient/4.5.14/httpclient-4.5.14.jar:/home/matthias/.m2/repository/org/apache/httpcomponents/httpmime/4.5.14/httpmime-4.5.14.jar:/home/matthias/.m2/repository/org/apache/httpcomponents/fluent-hc/4.5.14/fluent-hc-4.5.14.jar:/home/matthias/.m2/repository/org/apache/httpcomponents/httpclient-cache/4.5.14/httpclient-cache-4.5.14.jar:/home/matthias/.m2/repository/org/apache/httpcomponents/httpasyncclient/4.1.5/httpasyncclient-4.1.5.jar:/home/matthias/.m2/repository/org/apache/httpcomponents/httpasyncclient-cache/4.1.5/httpasyncclient-cache-4.1.5.jar:/home/matthias/.m2/repository/io/jenkins/plugins/jakarta-mail-api/2.0.1-3/jakarta-mail-api-2.0.1-3.jar:/home/matthias/.m2/repository/com/sun/mail/jakarta.mail/2.0.1/jakarta.mail-2.0.1.jar:/home/matthias/.m2/repository/io/jenkins/plugins/jakarta-activation-api/2.0.1-3/jakarta-activation-api-2.0.1-3.jar:/home/matthias/.m2/repository/com/sun/activation/jakarta.activation/2.0.1/jakarta.activation-2.0.1.jar:/home/matthias/.m2/repository/org/jenkins-ci/plugins/workflow/workflow-durable-task-step/1289.v4d3e7b_01546b_/workflow-durable-task-step-1289.v4d3e7b_01546b_.jar:/home/matthias/.m2/repository/org/jenkins-ci/plugins/durable-task/513.vc48a_a_075a_d93/durable-task-513.vc48a_a_075a_d93.jar:/home/matthias/.m2/repository/io/jenkins/plugins/lib-durable-task/40.vc66cf8fb_4613/lib-durable-task-40.vc66cf8fb_4613.jar:/home/matthias/.m2/repository/org/jenkins-ci/plugins/pipeline-stage-step/305.ve96d0205c1c6/pipeline-stage-step-305.ve96d0205c1c6.jar:/home/matthias/.m2/repository/org/jenkins-ci/plugins/credentials-binding/642.v737c34dea_6c2/credentials-binding-642.v737c34dea_6c2.jar:/home/matthias/.m2/repository/org/jenkins-ci/plugins/plain-credentials/143.v1b_df8b_d3b_e48/plain-credentials-143.v1b_df8b_d3b_e48.jar:/home/matthias/.m2/repository/org/jenkins-ci/plugins/ssh-credentials/305.v8f4381501156/ssh-credentials-305.v8f4381501156.jar:/home/matthias/.m2/repository/org/jenkins-ci/plugins/workflow/workflow-support/865.v43e78cc44e0d/workflow-support-865.v43e78cc44e0d.jar:/home/matthias/.m2/repository/io/jenkins/plugins/caffeine-api/3.1.6-115.vb_8b_b_328e59d8/caffeine-api-3.1.6-115.vb_8b_b_328e59d8.jar:/home/matthias/.m2/repository/com/github/ben-manes/caffeine/caffeine/3.1.6/caffeine-3.1.6.jar:/home/matthias/.m2/repository/org/jboss/marshalling/jboss-marshalling-river/2.1.2.Final/jboss-marshalling-river-2.1.2.Final.jar:/home/matthias/.m2/repository/org/jboss/marshalling/jboss-marshalling/2.1.2.Final/jboss-marshalling-2.1.2.Final.jar:/home/matthias/.m2/repository/org/jenkins-ci/plugins/scm-api/676.v886669a_199a_a_/scm-api-676.v886669a_199a_a_.jar:/home/matthias/.m2/repository/io/jenkins/plugins/pipeline-groovy-lib/689.veec561a_dee13/pipeline-groovy-lib-689.veec561a_dee13.jar:/home/matthias/.m2/repository/org/jenkins-ci/plugins/variant/59.vf075fe829ccb/variant-59.vf075fe829ccb.jar:/home/matthias/.m2/repository/org/jenkins-ci/plugins/mailer/463.vedf8358e006b_/mailer-463.vedf8358e006b_.jar:/home/matthias/.m2/repository/org/jenkins-ci/plugins/display-url-api/2.3.7/display-url-api-2.3.7.jar:/home/matthias/.m2/repository/org/jenkins-ci/modules/instance-identity/142.v04572ca_5b_265/instance-identity-142.v04572ca_5b_265.jar:/home/matthias/.m2/repository/org/jenkins-ci/plugins/bouncycastle-api/2.26/bouncycastle-api-2.26.jar:/home/matthias/.m2/repository/org/bouncycastle/bcpkix-jdk15on/1.70/bcpkix-jdk15on-1.70.jar:/home/matthias/.m2/repository/org/bouncycastle/bcprov-jdk15on/1.70/bcprov-jdk15on-1.70.jar:/home/matthias/.m2/repository/org/bouncycastle/bcutil-jdk15on/1.70/bcutil-jdk15on-1.70.jar:/home/matthias/.m2/repository/org/jenkins-ci/plugins/git-client/4.5.0/git-client-4.5.0.jar:/home/matthias/.m2/repository/io/jenkins/plugins/mina-sshd-api/mina-sshd-api-common/2.10.0-69.v28e3e36d18eb_/mina-sshd-api-common-2.10.0-69.v28e3e36d18eb_.jar:/home/matthias/.m2/repository/org/apache/sshd/sshd-common/2.10.0/sshd-common-2.10.0.jar:/home/matthias/.m2/repository/io/jenkins/plugins/mina-sshd-api/mina-sshd-api-core/2.10.0-69.v28e3e36d18eb_/mina-sshd-api-core-2.10.0-69.v28e3e36d18eb_.jar:/home/matthias/.m2/repository/org/apache/sshd/sshd-core/2.10.0/sshd-core-2.10.0.jar:/home/matthias/.m2/repository/org/eclipse/jgit/org.eclipse.jgit/6.7.0.202309050840-r/org.eclipse.jgit-6.7.0.202309050840-r.jar:/home/matthias/.m2/repository/com/googlecode/javaewah/JavaEWAH/1.2.3/JavaEWAH-1.2.3.jar:/home/matthias/.m2/repository/org/eclipse/jgit/org.eclipse.jgit.http.apache/6.7.0.202309050840-r/org.eclipse.jgit.http.apache-6.7.0.202309050840-r.jar:/home/matthias/.m2/repository/org/eclipse/jgit/org.eclipse.jgit.http.server/6.7.0.202309050840-r/org.eclipse.jgit.http.server-6.7.0.202309050840-r.jar:/home/matthias/.m2/repository/org/eclipse/jgit/org.eclipse.jgit.lfs/6.7.0.202309050840-r/org.eclipse.jgit.lfs-6.7.0.202309050840-r.jar:/home/matthias/.m2/repository/org/eclipse/jgit/org.eclipse.jgit.ssh.apache/6.7.0.202309050840-r/org.eclipse.jgit.ssh.apache-6.7.0.202309050840-r.jar:/home/matthias/.m2/repository/org/jenkins-ci/plugins/trilead-api/2.84.v72119de229b_7/trilead-api-2.84.v72119de229b_7.jar:/home/matthias/.m2/repository/org/jenkins-ci/trilead-ssh2/build-217-jenkins-247.v708a_8b_14f4b_a/trilead-ssh2-build-217-jenkins-247.v708a_8b_14f4b_a.jar:/home/matthias/.m2/repository/net/i2p/crypto/eddsa/0.3.0/eddsa-0.3.0.jar:/home/matthias/.m2/repository/org/connectbot/jbcrypt/jbcrypt/1.0.0/jbcrypt-1.0.0.jar:/home/matthias/.m2/repository/com/google/crypto/tink/tink/1.7.0/tink-1.7.0.jar:/home/matthias/.m2/repository/org/kohsuke/trilead-putty-extension/1.2/trilead-putty-extension-1.2.jar:/home/matthias/.m2/repository/org/jenkins-ci/plugins/credentials/1307.v3757c78f17c3/credentials-1307.v3757c78f17c3.jar:/home/matthias/.m2/repository/org/jenkins-ci/plugins/pipeline-input-step/477.v339683a_8d55e/pipeline-input-step-477.v339683a_8d55e.jar:/home/matthias/.m2/repository/org/jenkinsci/plugins/pipeline-model-extensions/2.2151.ve32c9d209a_3f/pipeline-model-extensions-2.2151.ve32c9d209a_3f.jar:/home/matthias/.m2/repository/org/jenkins-ci/plugins/workflow/workflow-job/1360.vc6700e3136f5/workflow-job-1360.vc6700e3136f5.jar:/home/matthias/.m2/repository/org/jenkins-ci/main/jenkins-core/2.432/jenkins-core-2.432.jar:/home/matthias/.m2/repository/org/jenkins-ci/main/cli/2.432/cli-2.432.jar:/home/matthias/.m2/repository/org/jenkins-ci/main/remoting/3192.v713e3b_039fb_e/remoting-3192.v713e3b_039fb_e.jar:/home/matthias/.m2/repository/args4j/args4j/2.33/args4j-2.33.jar:/home/matthias/.m2/repository/com/github/spotbugs/spotbugs-annotations/4.8.0/spotbugs-annotations-4.8.0.jar:/home/matthias/.m2/repository/com/google/guava/guava/32.1.3-jre/guava-32.1.3-jre.jar:/home/matthias/.m2/repository/com/google/guava/failureaccess/1.0.1/failureaccess-1.0.1.jar:/home/matthias/.m2/repository/com/google/guava/listenablefuture/9999.0-empty-to-avoid-conflict-with-guava/listenablefuture-9999.0-empty-to-avoid-conflict-with-guava.jar:/home/matthias/.m2/repository/com/google/code/findbugs/jsr305/3.0.2/jsr305-3.0.2.jar:/home/matthias/.m2/repository/com/google/inject/guice/6.0.0/guice-6.0.0.jar:/home/matthias/.m2/repository/javax/inject/javax.inject/1/javax.inject-1.jar:/home/matthias/.m2/repository/jakarta/inject/jakarta.inject-api/2.0.1/jakarta.inject-api-2.0.1.jar:/home/matthias/.m2/repository/com/infradna/tool/bridge-method-annotation/1.29/bridge-method-annotation-1.29.jar:/home/matthias/.m2/repository/com/jcraft/jzlib/1.1.3-kohsuke-1/jzlib-1.1.3-kohsuke-1.jar:/home/matthias/.m2/repository/com/sun/solaris/embedded_su4j/1.1/embedded_su4j-1.1.jar:/home/matthias/.m2/repository/com/sun/xml/txw2/txw2/20110809/txw2-20110809.jar:/home/matthias/.m2/repository/relaxngDatatype/relaxngDatatype/20020414/relaxngDatatype-20020414.jar:/home/matthias/.m2/repository/com/thoughtworks/xstream/xstream/1.4.20/xstream-1.4.20.jar:/home/matthias/.m2/repository/io/github/x-stream/mxparser/1.2.2/mxparser-1.2.2.jar:/home/matthias/.m2/repository/commons-beanutils/commons-beanutils/1.9.4/commons-beanutils-1.9.4.jar:/home/matthias/.m2/repository/commons-logging/commons-logging/1.2/commons-logging-1.2.jar:/home/matthias/.m2/repository/commons-codec/commons-codec/1.16.0/commons-codec-1.16.0.jar:/home/matthias/.m2/repository/commons-collections/commons-collections/3.2.2/commons-collections-3.2.2.jar:/home/matthias/.m2/repository/commons-fileupload/commons-fileupload/1.5/commons-fileupload-1.5.jar:/home/matthias/.m2/repository/commons-io/commons-io/2.15.0/commons-io-2.15.0.jar:/home/matthias/.m2/repository/commons-jelly/commons-jelly-tags-fmt/1.0/commons-jelly-tags-fmt-1.0.jar:/home/matthias/.m2/repository/commons-jelly/commons-jelly-tags-xml/1.1/commons-jelly-tags-xml-1.1.jar:/home/matthias/.m2/repository/commons-lang/commons-lang/2.6/commons-lang-2.6.jar:/home/matthias/.m2/repository/io/jenkins/stapler/jenkins-stapler-support/1.1/jenkins-stapler-support-1.1.jar:/home/matthias/.m2/repository/jakarta/servlet/jsp/jstl/jakarta.servlet.jsp.jstl-api/1.2.7/jakarta.servlet.jsp.jstl-api-1.2.7.jar:/home/matthias/.m2/repository/jaxen/jaxen/2.0.0/jaxen-2.0.0.jar:/home/matthias/.m2/repository/jline/jline/2.14.6/jline-2.14.6.jar:/home/matthias/.m2/repository/net/java/dev/jna/jna/5.13.0/jna-5.13.0.jar:/home/matthias/.m2/repository/net/java/sezpoz/sezpoz/1.13/sezpoz-1.13.jar:/home/matthias/.m2/repository/net/jcip/jcip-annotations/1.0/jcip-annotations-1.0.jar:/home/matthias/.m2/repository/org/antlr/antlr4-runtime/4.13.1/antlr4-runtime-4.13.1.jar:/home/matthias/.m2/repository/org/apache/ant/ant/1.10.14/ant-1.10.14.jar:/home/matthias/.m2/repository/org/apache/ant/ant-launcher/1.10.14/ant-launcher-1.10.14.jar:/home/matthias/.m2/repository/org/apache/commons/commons-compress/1.24.0/commons-compress-1.24.0.jar:/home/matthias/.m2/repository/org/codehaus/groovy/groovy-all/2.4.21/groovy-all-2.4.21.jar:/home/matthias/.m2/repository/org/fusesource/jansi/jansi/1.11/jansi-1.11.jar:/home/matthias/.m2/repository/org/jenkins-ci/annotation-indexer/1.17/annotation-indexer-1.17.jar:/home/matthias/.m2/repository/org/jenkins-ci/commons-jexl/1.1-jenkins-20111212/commons-jexl-1.1-jenkins-20111212.jar:/home/matthias/.m2/repository/org/jenkins-ci/crypto-util/1.9/crypto-util-1.9.jar:/home/matthias/.m2/repository/org/jenkins-ci/memory-monitor/1.12/memory-monitor-1.12.jar:/home/matthias/.m2/repository/org/jenkins-ci/symbol-annotation/1.24/symbol-annotation-1.24.jar:/home/matthias/.m2/repository/org/jenkins-ci/task-reactor/1.8/task-reactor-1.8.jar:/home/matthias/.m2/repository/org/jenkins-ci/main/websocket-spi/2.432/websocket-spi-2.432.jar:/home/matthias/.m2/repository/org/jfree/jfreechart/1.0.19/jfreechart-1.0.19.jar:/home/matthias/.m2/repository/org/jfree/jcommon/1.0.23/jcommon-1.0.23.jar:/home/matthias/.m2/repository/org/jvnet/hudson/commons-jelly-tags-define/1.1-jenkins-20230713/commons-jelly-tags-define-1.1-jenkins-20230713.jar:/home/matthias/.m2/repository/org/jvnet/localizer/localizer/1.31/localizer-1.31.jar:/home/matthias/.m2/repository/org/jvnet/robust-http-client/robust-http-client/1.2/robust-http-client-1.2.jar:/home/matthias/.m2/repository/org/jvnet/winp/winp/1.30/winp-1.30.jar:/home/matthias/.m2/repository/org/kohsuke/access-modifier-annotation/1.33/access-modifier-annotation-1.33.jar:/home/matthias/.m2/repository/org/kohsuke/windows-package-checker/1.2/windows-package-checker-1.2.jar:/home/matthias/.m2/repository/org/kohsuke/jinterop/j-interop/2.0.8-kohsuke-1/j-interop-2.0.8-kohsuke-1.jar:/home/matthias/.m2/repository/org/kohsuke/jinterop/j-interopdeps/2.0.8-kohsuke-1/j-interopdeps-2.0.8-kohsuke-1.jar:/home/matthias/.m2/repository/org/samba/jcifs/jcifs/1.2.19/jcifs-1.2.19.jar:/home/matthias/.m2/repository/org/kohsuke/stapler/json-lib/2.4-jenkins-3/json-lib-2.4-jenkins-3.jar:/home/matthias/.m2/repository/net/sf/ezmorph/ezmorph/1.0.6/ezmorph-1.0.6.jar:/home/matthias/.m2/repository/org/kohsuke/stapler/stapler/1822.v120278426e1c/stapler-1822.v120278426e1c.jar:/home/matthias/.m2/repository/commons-discovery/commons-discovery/0.5/commons-discovery-0.5.jar:/home/matthias/.m2/repository/jakarta/annotation/jakarta.annotation-api/2.1.1/jakarta.annotation-api-2.1.1.jar:/home/matthias/.m2/repository/javax/annotation/javax.annotation-api/1.3.2/javax.annotation-api-1.3.2.jar:/home/matthias/.m2/repository/org/jvnet/tiger-types/2.2/tiger-types-2.2.jar:/home/matthias/.m2/repository/org/kohsuke/stapler/stapler-adjunct-codemirror/1.3/stapler-adjunct-codemirror-1.3.jar:/home/matthias/.m2/repository/org/kohsuke/stapler/stapler-groovy/1822.v120278426e1c/stapler-groovy-1822.v120278426e1c.jar:/home/matthias/.m2/repository/org/kohsuke/stapler/stapler-jelly/1822.v120278426e1c/stapler-jelly-1822.v120278426e1c.jar:/home/matthias/.m2/repository/org/dom4j/dom4j/2.1.4/dom4j-2.1.4.jar:/home/matthias/.m2/repository/org/jenkins-ci/commons-jelly/1.1-jenkins-20230713/commons-jelly-1.1-jenkins-20230713.jar:/home/matthias/.m2/repository/org/ow2/asm/asm/9.6/asm-9.6.jar:/home/matthias/.m2/repository/org/ow2/asm/asm-analysis/9.6/asm-analysis-9.6.jar:/home/matthias/.m2/repository/org/ow2/asm/asm-commons/9.6/asm-commons-9.6.jar:/home/matthias/.m2/repository/org/ow2/asm/asm-tree/9.6/asm-tree-9.6.jar:/home/matthias/.m2/repository/org/ow2/asm/asm-util/9.6/asm-util-9.6.jar:/home/matthias/.m2/repository/org/slf4j/jcl-over-slf4j/2.0.9/jcl-over-slf4j-2.0.9.jar:/home/matthias/.m2/repository/org/slf4j/slf4j-api/2.0.9/slf4j-api-2.0.9.jar:/home/matthias/.m2/repository/org/slf4j/log4j-over-slf4j/2.0.9/log4j-over-slf4j-2.0.9.jar:/home/matthias/.m2/repository/org/springframework/security/spring-security-web/5.8.8/spring-security-web-5.8.8.jar:/home/matthias/.m2/repository/org/springframework/security/spring-security-core/5.8.8/spring-security-core-5.8.8.jar:/home/matthias/.m2/repository/org/springframework/security/spring-security-crypto/5.8.8/spring-security-crypto-5.8.8.jar:/home/matthias/.m2/repository/org/springframework/spring-core/5.3.30/spring-core-5.3.30.jar:/home/matthias/.m2/repository/org/springframework/spring-aop/5.3.30/spring-aop-5.3.30.jar:/home/matthias/.m2/repository/org/springframework/spring-beans/5.3.30/spring-beans-5.3.30.jar:/home/matthias/.m2/repository/org/springframework/spring-context/5.3.30/spring-context-5.3.30.jar:/home/matthias/.m2/repository/org/springframework/spring-expression/5.3.30/spring-expression-5.3.30.jar:/home/matthias/.m2/repository/org/springframework/spring-web/5.3.30/spring-web-5.3.30.jar:/home/matthias/.m2/repository/xpp3/xpp3/1.1.4c/xpp3-1.1.4c.jar:/home/matthias/.m2/repository/com/cloudbees/groovy-cps/3806.va_3a_6988277b_2/groovy-cps-3806.va_3a_6988277b_2.jar:/home/matthias/.m2/repository/org/jenkins-ci/version-number/1.11/version-number-1.11.jar:/home/matthias/.m2/repository/com/lesfurets/jenkins-pipeline-unit/1.19/jenkins-pipeline-unit-1.19.jar:/home/matthias/.m2/repository/org/apache/ivy/ivy/2.5.1/ivy-2.5.1.jar:/home/matthias/.m2/repository/org/apache/commons/commons-lang3/3.13.0/commons-lang3-3.13.0.jar:/home/matthias/.m2/repository/org/junit/jupiter/junit-jupiter/5.10.1/junit-jupiter-5.10.1.jar:/home/matthias/.m2/repository/org/junit/jupiter/junit-jupiter-api/5.10.1/junit-jupiter-api-5.10.1.jar:/home/matthias/.m2/repository/org/opentest4j/opentest4j/1.3.0/opentest4j-1.3.0.jar:/home/matthias/.m2/repository/org/junit/platform/junit-platform-commons/1.10.1/junit-platform-commons-1.10.1.jar:/home/matthias/.m2/repository/org/apiguardian/apiguardian-api/1.1.2/apiguardian-api-1.1.2.jar:/home/matthias/.m2/repository/org/junit/jupiter/junit-jupiter-params/5.10.1/junit-jupiter-params-5.10.1.jar:/home/matthias/.m2/repository/org/junit/jupiter/junit-jupiter-engine/5.10.1/junit-jupiter-engine-5.10.1.jar:/home/matthias/.m2/repository/org/junit/platform/junit-platform-engine/1.10.1/junit-platform-engine-1.10.1.jar:/home/matthias/.m2/repository/org/assertj/assertj-core/3.24.2/assertj-core-3.24.2.jar:/home/matthias/.m2/repository/net/bytebuddy/byte-buddy/1.12.21/byte-buddy-1.12.21.jar:/home/matthias/.m2/repository/org/mockito/mockito-core/5.8.0/mockito-core-5.8.0.jar:/home/matthias/.m2/repository/net/bytebuddy/byte-buddy-agent/1.14.10/byte-buddy-agent-1.14.10.jar:/home/matthias/.m2/repository/org/objenesis/objenesis/3.3/objenesis-3.3.jar:"/>
    <property name="sun.cpu.endian" value="little"/>
    <property name="user.home" value="/home/matthias"/>
    <property name="user.language" value="en"/>
    <property name="java.specification.vendor" value="Oracle Corporation"/>
    <property name="java.version.date" value="2023-10-17"/>
    <property name="java.home" value="/usr/lib/jvm/java-11-openjdk"/>
    <property name="file.separator" value="/"/>
    <property name="basedir" value="/home/matthias/Development/src/jenkins/jenkins-pipeline-library"/>
    <property name="java.vm.compressedOopsMode" value="Zero based"/>
    <property name="line.separator" value="&#10;"/>
    <property name="java.specification.name" value="Java Platform API Specification"/>
    <property name="java.vm.specification.vendor" value="Oracle Corporation"/>
    <property name="java.awt.graphicsenv" value="sun.awt.X11GraphicsEnvironment"/>
    <property name="surefire.real.class.path" value="/home/matthias/Development/src/jenkins/jenkins-pipeline-library/target/surefire/surefirebooter-20231220130733488_3.jar"/>
    <property name="sun.management.compiler" value="HotSpot 64-Bit Tiered Compilers"/>
    <property name="java.runtime.version" value="11.0.21+9"/>
    <property name="user.name" value="matthias"/>
    <property name="path.separator" value=":"/>
    <property name="os.version" value="6.6.7-4-MANJARO"/>
    <property name="java.runtime.name" value="OpenJDK Runtime Environment"/>
    <property name="file.encoding" value="UTF-8"/>
    <property name="java.vm.name" value="OpenJDK 64-Bit Server VM"/>
    <property name="localRepository" value="/home/matthias/.m2/repository"/>
    <property name="java.vendor.url.bug" value="https://bugreport.java.com/bugreport/"/>
    <property name="java.io.tmpdir" value="/tmp"/>
    <property name="idea.version" value="2023.3.1"/>
    <property name="java.version" value="11.0.21"/>
    <property name="user.dir" value="/home/matthias/Development/src/jenkins/jenkins-pipeline-library"/>
    <property name="os.arch" value="amd64"/>
    <property name="java.vm.specification.name" value="Java Virtual Machine Specification"/>
    <property name="java.awt.printerjob" value="sun.print.PSPrinterJob"/>
    <property name="sun.os.patch.level" value="unknown"/>
    <property name="java.library.path" value="/usr/java/packages/lib:/usr/lib64:/lib64:/lib:/usr/lib"/>
    <property name="java.vm.info" value="mixed mode"/>
    <property name="java.vendor" value="Oracle Corporation"/>
    <property name="java.vm.version" value="11.0.21+9"/>
    <property name="java.specification.maintenance.version" value="2"/>
    <property name="sun.io.unicode.encoding" value="UnicodeLittle"/>
    <property name="java.class.version" value="55.0"/>
  </properties>
  <testcase name="testShouldSucceed" classname="at.matthires.jenkins.tests.RequireParamTest" time="0.145">
    <system-out><![CDATA[Loading shared library pipeline-library with version default
Executing on agent [label:none]
   requireParams-jenkinsfile.run()
      requireParams-jenkinsfile.pipeline(groovy.lang.Closure)
         requireParams-jenkinsfile.script(groovy.lang.Closure)
            requireParams-jenkinsfile.requireParam(false, MANDATORY_PARAM)
         requireParams-jenkinsfile.echo(Executing on agent [label:none])
         requireParams-jenkinsfile.stage(Test, groovy.lang.Closure)
]]></system-out>
  </testcase>
  <testcase name="testShouldReportError" classname="at.matthires.jenkins.tests.RequireParamTest" time="0.107">
    <system-out><![CDATA[Loading shared library pipeline-library with version default
Executing on agent [label:none]
Stage "Test" skipped due to earlier failure(s)
   requireParams-jenkinsfile.run()
      requireParams-jenkinsfile.pipeline(groovy.lang.Closure)
         requireParams-jenkinsfile.script(groovy.lang.Closure)
            requireParams-jenkinsfile.requireParam(null, MANDATORY_PARAM)
               requireParam.error(MANDATORY_PARAM nicht gesetzt.)
         requireParams-jenkinsfile.echo(Executing on agent [label:none])
         requireParams-jenkinsfile.echo(Stage "Test" skipped due to earlier failure(s))
]]></system-out>
  </testcase>
</testsuite>